[INFO] Scanning for projects...
[INFO] 
[INFO] ----------------------< sn.dev:discovery-service >----------------------
[INFO] Building discovery-service 0.0.1-SNAPSHOT
[INFO]   from pom.xml
[INFO] --------------------------------[ jar ]---------------------------------
[INFO] 
[INFO] >>> spring-boot:3.5.4:run (default-cli) > test-compile @ discovery-service >>>
[INFO] 
[INFO] --- resources:3.3.1:resources (default-resources) @ discovery-service ---
[INFO] Copying 1 resource from src/main/resources to target/classes
[INFO] Copying 0 resource from src/main/resources to target/classes
[INFO] 
[INFO] --- compiler:3.14.0:compile (default-compile) @ discovery-service ---
[INFO] Nothing to compile - all classes are up to date.
[INFO] 
[INFO] --- resources:3.3.1:testResources (default-testResources) @ discovery-service ---
[INFO] skip non existing resourceDirectory /home/mamadbah/Java/buy-02/discovery-service/src/test/resources
[INFO] 
[INFO] --- compiler:3.14.0:testCompile (default-testCompile) @ discovery-service ---
[INFO] Nothing to compile - all classes are up to date.
[INFO] 
[INFO] <<< spring-boot:3.5.4:run (default-cli) < test-compile @ discovery-service <<<
[INFO] 
[INFO] 
[INFO] --- spring-boot:3.5.4:run (default-cli) @ discovery-service ---
[INFO] Attaching agents: []

  .   ____          _            __ _ _
 /\\ / ___'_ __ _ _(_)_ __  __ _ \ \ \ \
( ( )\___ | '_ | '_| | '_ \/ _` | \ \ \ \
 \\/  ___)| |_)| | | | | || (_| |  ) ) ) )
  '  |____| .__|_| |_|_| |_\__, | / / / /
 =========|_|==============|___/=/_/_/_/

 :: Spring Boot ::                (v3.5.4)

2025-11-06T15:29:30.199Z  INFO 122465 --- [discovery-service] [           main] s.d.d.DiscoveryServiceApplication        : Starting DiscoveryServiceApplication using Java 21.0.8 with PID 122465 (/home/mamadbah/Java/buy-02/discovery-service/target/classes started by mamadbah in /home/mamadbah/Java/buy-02/discovery-service)
2025-11-06T15:29:30.200Z  INFO 122465 --- [discovery-service] [           main] s.d.d.DiscoveryServiceApplication        : No active profile set, falling back to 1 default profile: "default"
2025-11-06T15:29:30.649Z  INFO 122465 --- [discovery-service] [           main] o.s.cloud.context.scope.GenericScope     : BeanFactory id=82d6fda2-b94f-3253-940b-de69712efcae
2025-11-06T15:29:30.772Z  INFO 122465 --- [discovery-service] [           main] o.s.b.w.embedded.tomcat.TomcatWebServer  : Tomcat initialized with port 8761 (http)
2025-11-06T15:29:30.780Z  INFO 122465 --- [discovery-service] [           main] o.apache.catalina.core.StandardService   : Starting service [Tomcat]
2025-11-06T15:29:30.780Z  INFO 122465 --- [discovery-service] [           main] o.apache.catalina.core.StandardEngine    : Starting Servlet engine: [Apache Tomcat/10.1.43]
2025-11-06T15:29:30.814Z  INFO 122465 --- [discovery-service] [           main] o.a.c.c.C.[Tomcat].[localhost].[/]       : Initializing Spring embedded WebApplicationContext
2025-11-06T15:29:30.814Z  INFO 122465 --- [discovery-service] [           main] w.s.c.ServletWebServerApplicationContext : Root WebApplicationContext: initialization completed in 596 ms
2025-11-06T15:29:31.211Z  INFO 122465 --- [discovery-service] [           main] c.n.d.provider.DiscoveryJerseyProvider   : Using JSON encoding codec LegacyJacksonJson
2025-11-06T15:29:31.211Z  INFO 122465 --- [discovery-service] [           main] c.n.d.provider.DiscoveryJerseyProvider   : Using JSON decoding codec LegacyJacksonJson
2025-11-06T15:29:31.290Z  INFO 122465 --- [discovery-service] [           main] c.n.d.provider.DiscoveryJerseyProvider   : Using XML encoding codec XStreamXml
2025-11-06T15:29:31.290Z  INFO 122465 --- [discovery-service] [           main] c.n.d.provider.DiscoveryJerseyProvider   : Using XML decoding codec XStreamXml
2025-11-06T15:29:31.359Z  INFO 122465 --- [discovery-service] [           main] o.s.v.b.OptionalValidatorFactoryBean     : Failed to set up a Bean Validation provider: jakarta.validation.NoProviderFoundException: Unable to create a Configuration, because no Jakarta Bean Validation provider could be found. Add a provider like Hibernate Validator (RI) to your classpath.
2025-11-06T15:29:31.811Z  WARN 122465 --- [discovery-service] [           main] iguration$LoadBalancerCaffeineWarnLogger : Spring Cloud LoadBalancer is currently working with the default cache. While this cache implementation is useful for development and tests, it's recommended to use Caffeine cache in production.You can switch to using Caffeine cache, by adding it and org.springframework.cache.caffeine.CaffeineCacheManager to the classpath.
2025-11-06T15:29:31.819Z  INFO 122465 --- [discovery-service] [           main] o.s.c.n.eureka.InstanceInfoFactory       : Setting initial instance status as: STARTING
2025-11-06T15:29:31.827Z  INFO 122465 --- [discovery-service] [           main] com.netflix.discovery.DiscoveryClient    : Initializing Eureka in region us-east-1
2025-11-06T15:29:31.827Z  INFO 122465 --- [discovery-service] [           main] com.netflix.discovery.DiscoveryClient    : Client configured to neither register nor query for data.
2025-11-06T15:29:31.828Z  INFO 122465 --- [discovery-service] [           main] com.netflix.discovery.DiscoveryClient    : Discovery Client initialized at timestamp 1762442971828 with initial instances count: 0
2025-11-06T15:29:31.845Z  INFO 122465 --- [discovery-service] [           main] c.n.eureka.DefaultEurekaServerContext    : Initializing ...
2025-11-06T15:29:31.846Z  INFO 122465 --- [discovery-service] [           main] c.n.eureka.cluster.PeerEurekaNodes       : Adding new peer nodes [http://localhost:8761/eureka/]
2025-11-06T15:29:31.896Z  INFO 122465 --- [discovery-service] [           main] c.n.d.provider.DiscoveryJerseyProvider   : Using JSON encoding codec LegacyJacksonJson
2025-11-06T15:29:31.896Z  INFO 122465 --- [discovery-service] [           main] c.n.d.provider.DiscoveryJerseyProvider   : Using JSON decoding codec LegacyJacksonJson
2025-11-06T15:29:31.896Z  INFO 122465 --- [discovery-service] [           main] c.n.d.provider.DiscoveryJerseyProvider   : Using XML encoding codec XStreamXml
2025-11-06T15:29:31.896Z  INFO 122465 --- [discovery-service] [           main] c.n.d.provider.DiscoveryJerseyProvider   : Using XML decoding codec XStreamXml
2025-11-06T15:29:31.912Z  INFO 122465 --- [discovery-service] [           main] c.n.eureka.cluster.PeerEurekaNodes       : Replica node URL:  http://localhost:8761/eureka/
2025-11-06T15:29:31.916Z  INFO 122465 --- [discovery-service] [           main] c.n.e.registry.AbstractInstanceRegistry  : Finished initializing remote region registries. All known remote regions: []
2025-11-06T15:29:31.916Z  INFO 122465 --- [discovery-service] [           main] c.n.eureka.DefaultEurekaServerContext    : Initialized
2025-11-06T15:29:31.921Z  INFO 122465 --- [discovery-service] [           main] o.s.b.a.e.web.EndpointLinksResolver      : Exposing 2 endpoints beneath base path '/actuator'
2025-11-06T15:29:31.946Z  INFO 122465 --- [discovery-service] [           main] o.s.c.n.e.s.EurekaServiceRegistry        : Registering application DISCOVERY-SERVICE with eureka with status UP
2025-11-06T15:29:31.953Z  INFO 122465 --- [discovery-service] [       Thread-9] o.s.c.n.e.server.EurekaServerBootstrap   : isAws returned false
2025-11-06T15:29:31.953Z  INFO 122465 --- [discovery-service] [       Thread-9] o.s.c.n.e.server.EurekaServerBootstrap   : Initialized server context
2025-11-06T15:29:31.953Z  INFO 122465 --- [discovery-service] [       Thread-9] c.n.e.r.PeerAwareInstanceRegistryImpl    : Got 1 instances from neighboring DS node
2025-11-06T15:29:31.953Z  INFO 122465 --- [discovery-service] [       Thread-9] c.n.e.r.PeerAwareInstanceRegistryImpl    : Renew threshold is: 1
2025-11-06T15:29:31.953Z  INFO 122465 --- [discovery-service] [       Thread-9] c.n.e.r.PeerAwareInstanceRegistryImpl    : Changing status to UP
2025-11-06T15:29:31.955Z  INFO 122465 --- [discovery-service] [       Thread-9] e.s.EurekaServerInitializerConfiguration : Started Eureka Server
2025-11-06T15:29:31.956Z  INFO 122465 --- [discovery-service] [           main] o.s.b.w.embedded.tomcat.TomcatWebServer  : Tomcat started on port 8761 (http) with context path '/'
2025-11-06T15:29:31.957Z  INFO 122465 --- [discovery-service] [           main] .s.c.n.e.s.EurekaAutoServiceRegistration : Updating port to 8761
2025-11-06T15:29:32.046Z  INFO 122465 --- [discovery-service] [           main] s.d.d.DiscoveryServiceApplication        : Started DiscoveryServiceApplication in 2.141 seconds (process running for 2.403)
2025-11-06T15:29:32.899Z  INFO 122465 --- [discovery-service] [nio-8761-exec-1] o.a.c.c.C.[Tomcat].[localhost].[/]       : Initializing Spring DispatcherServlet 'dispatcherServlet'
2025-11-06T15:29:32.899Z  INFO 122465 --- [discovery-service] [nio-8761-exec-1] o.s.web.servlet.DispatcherServlet        : Initializing Servlet 'dispatcherServlet'
2025-11-06T15:29:32.900Z  INFO 122465 --- [discovery-service] [nio-8761-exec-1] o.s.web.servlet.DispatcherServlet        : Completed initialization in 1 ms
2025-11-06T15:30:31.954Z  INFO 122465 --- [discovery-service] [a-EvictionTimer] c.n.e.registry.AbstractInstanceRegistry  : Running the evict task with compensationTime 0ms
2025-11-06T15:31:31.955Z  INFO 122465 --- [discovery-service] [a-EvictionTimer] c.n.e.registry.AbstractInstanceRegistry  : Running the evict task with compensationTime 0ms
2025-11-06T15:32:05.632Z  INFO 122465 --- [discovery-service] [nio-8761-exec-3] c.n.e.registry.AbstractInstanceRegistry  : Registered instance CONFIG-SERVICE/11.11.90.153:config-service:8888 with status UP (replication=false)
2025-11-06T15:32:06.217Z  INFO 122465 --- [discovery-service] [nio-8761-exec-4] c.n.e.registry.AbstractInstanceRegistry  : Registered instance CONFIG-SERVICE/11.11.90.153:config-service:8888 with status UP (replication=true)
2025-11-06T15:32:31.955Z  INFO 122465 --- [discovery-service] [a-EvictionTimer] c.n.e.registry.AbstractInstanceRegistry  : Running the evict task with compensationTime 0ms
2025-11-06T15:33:31.955Z  INFO 122465 --- [discovery-service] [a-EvictionTimer] c.n.e.registry.AbstractInstanceRegistry  : Running the evict task with compensationTime 0ms
2025-11-06T15:34:31.955Z  INFO 122465 --- [discovery-service] [a-EvictionTimer] c.n.e.registry.AbstractInstanceRegistry  : Running the evict task with compensationTime 0ms
2025-11-06T15:35:31.956Z  INFO 122465 --- [discovery-service] [a-EvictionTimer] c.n.e.registry.AbstractInstanceRegistry  : Running the evict task with compensationTime 0ms
2025-11-06T15:36:31.955Z  INFO 122465 --- [discovery-service] [a-EvictionTimer] c.n.e.registry.AbstractInstanceRegistry  : Running the evict task with compensationTime 0ms
2025-11-06T15:37:00.735Z  INFO 122465 --- [discovery-service] [ionShutdownHook] o.s.c.n.e.s.EurekaServiceRegistry        : Unregistering application DISCOVERY-SERVICE with eureka with status DOWN
2025-11-06T15:37:00.738Z  INFO 122465 --- [discovery-service] [ionShutdownHook] o.s.b.w.e.tomcat.GracefulShutdown        : Commencing graceful shutdown. Waiting for active requests to complete
2025-11-06T15:37:00.740Z  INFO 122465 --- [discovery-service] [nio-8761-exec-2] c.n.e.registry.AbstractInstanceRegistry  : Registered instance CONFIG-SERVICE/11.11.90.153:config-service:8888 with status DOWN (replication=false)
2025-11-06T15:37:00.789Z  INFO 122465 --- [discovery-service] [tomcat-shutdown] o.s.b.w.e.tomcat.GracefulShutdown        : Graceful shutdown complete
2025-11-06T15:37:00.792Z  INFO 122465 --- [discovery-service] [ionShutdownHook] o.s.c.n.e.server.EurekaServerBootstrap   : Shutting down Eureka Server..
2025-11-06T15:37:00.792Z  INFO 122465 --- [discovery-service] [ionShutdownHook] c.n.eureka.DefaultEurekaServerContext    : Shutting down ...
2025-11-06T15:37:00.794Z  INFO 122465 --- [discovery-service] [ionShutdownHook] c.n.eureka.DefaultEurekaServerContext    : Shut down
2025-11-06T15:37:00.794Z  INFO 122465 --- [discovery-service] [ionShutdownHook] o.s.c.n.e.server.EurekaServerBootstrap   : Eureka Service is now shutdown...
2025-11-06T15:37:00.795Z  INFO 122465 --- [discovery-service] [ionShutdownHook] c.n.eureka.DefaultEurekaServerContext    : Shutting down ...
2025-11-06T15:37:00.795Z  INFO 122465 --- [discovery-service] [ionShutdownHook] c.n.eureka.DefaultEurekaServerContext    : Shut down
2025-11-06T15:37:00.792Z ERROR 122465 --- [discovery-service] [t-Conn-Cleaner2] c.n.d.s.t.j.EurekaJersey3ClientImpl      : Cannot clean connections

java.lang.IllegalStateException: Client instance has been closed.
	at org.glassfish.jersey.internal.guava.Preconditions.checkState(Preconditions.java:169) ~[jersey-common-3.1.10.jar:na]
	at org.glassfish.jersey.client.JerseyClient.checkNotClosed(JerseyClient.java:248) ~[jersey-client-3.1.10.jar:na]
	at org.glassfish.jersey.client.JerseyClient.getConfiguration(JerseyClient.java:363) ~[jersey-client-3.1.10.jar:na]
	at org.glassfish.jersey.client.JerseyClient.getConfiguration(JerseyClient.java:54) ~[jersey-client-3.1.10.jar:na]
	at com.netflix.discovery.shared.transport.jersey3.EurekaJersey3ClientImpl$ConnectionCleanerTask.run(EurekaJersey3ClientImpl.java:338) ~[eureka-client-jersey3-2.0.4.jar:2.0.4]
	at java.base/java.util.concurrent.Executors$RunnableAdapter.call(Executors.java:572) ~[na:na]
	at java.base/java.util.concurrent.FutureTask.run(FutureTask.java:317) ~[na:na]
	at java.base/java.util.concurrent.ScheduledThreadPoolExecutor$ScheduledFutureTask.run(ScheduledThreadPoolExecutor.java:304) ~[na:na]
	at java.base/java.util.concurrent.ThreadPoolExecutor.runWorker(ThreadPoolExecutor.java:1144) ~[na:na]
	at java.base/java.util.concurrent.ThreadPoolExecutor$Worker.run(ThreadPoolExecutor.java:642) ~[na:na]
	at java.base/java.lang.Thread.run(Thread.java:1583) ~[na:na]

2025-11-06T15:37:00.797Z  INFO 122465 --- [discovery-service] [ionShutdownHook] com.netflix.discovery.DiscoveryClient    : Shutting down DiscoveryClient ...
2025-11-06T15:37:00.797Z  INFO 122465 --- [discovery-service] [ionShutdownHook] com.netflix.discovery.DiscoveryClient    : Completed shut down of DiscoveryClient
